<?xml version="1.0" encoding="UTF-8"?>
<testng-results skipped="0" failed="0" ignored="0" total="1" passed="1">
  <reporter-output>
  </reporter-output>
  <suite name="Suite1" duration-ms="33891" started-at="2020-03-20T19:38:45 IST" finished-at="2020-03-20T19:39:18 IST">
    <groups>
    </groups>
    <test name="java" duration-ms="33891" started-at="2020-03-20T19:38:45 IST" finished-at="2020-03-20T19:39:18 IST">
      <class name="SearchPage">
        <test-method status="PASS" signature="SearchOption()[pri:0, instance:SearchPage@5e3a8624]" name="SearchOption" duration-ms="33804" started-at="2020-03-20T19:38:45 IST" finished-at="2020-03-20T19:39:18 IST">
          <reporter-output>
          </reporter-output>
        </test-method> <!-- SearchOption -->
      </class> <!-- SearchPage -->
    </test> <!-- java -->
  </suite> <!-- Suite1 -->
</testng-results>
