<?xml version="1.0" encoding="UTF-8"?>
<testng-results skipped="0" failed="0" ignored="0" total="1" passed="1">
  <reporter-output>
  </reporter-output>
  <suite name="Default suite" duration-ms="12206" started-at="2020-03-19T20:17:10 IST" finished-at="2020-03-19T20:17:22 IST">
    <groups>
    </groups>
    <test name="Default test" duration-ms="12206" started-at="2020-03-19T20:17:10 IST" finished-at="2020-03-19T20:17:22 IST">
      <class name="SearchPage">
        <test-method status="PASS" signature="SearchOption()[pri:0, instance:SearchPage@4e7dc304]" name="SearchOption" duration-ms="12111" started-at="2020-03-19T20:17:10 IST" finished-at="2020-03-19T20:17:22 IST">
          <reporter-output>
          </reporter-output>
        </test-method> <!-- SearchOption -->
      </class> <!-- SearchPage -->
    </test> <!-- Default test -->
  </suite> <!-- Default suite -->
</testng-results>
